{"/app/src/app.ts": {"path":"/app/src/app.ts","statementMap":{"0":{"start":{"line":1,"column":0},"end":{"line":1,"column":30}},"1":{"start":{"line":2,"column":0},"end":{"line":2,"column":28}},"2":{"start":{"line":3,"column":0},"end":{"line":3,"column":46}},"3":{"start":{"line":5,"column":0},"end":{"line":5,"column":16}},"4":{"start":{"line":7,"column":12},"end":{"line":7,"column":21}},"5":{"start":{"line":8,"column":0},"end":{"line":8,"column":24}},"6":{"start":{"line":10,"column":0},"end":{"line":10,"column":36}},"7":{"start":{"line":12,"column":0},"end":{"line":12,"column":19}}},"fnMap":{},"branchMap":{},"s":{"0":1,"1":1,"2":1,"3":1,"4":1,"5":1,"6":1,"7":1},"f":{},"b":{}}
,"/app/src/config/constants.ts": {"path":"/app/src/config/constants.ts","statementMap":{"0":{"start":{"line":4,"column":0},"end":{"line":4,"column":16}},"1":{"start":{"line":1,"column":13},"end":{"line":1,"column":84}},"2":{"start":{"line":5,"column":4},"end":{"line":5,"column":67}}},"fnMap":{"0":{"name":"isCompressionProfile","decl":{"start":{"line":4,"column":16},"end":{"line":4,"column":36}},"loc":{"start":{"line":4,"column":50},"end":{"line":6,"column":1}}}},"branchMap":{},"s":{"0":1,"1":1,"2":3},"f":{"0":3},"b":{}}
,"/app/src/routes/compress.ts": {"path":"/app/src/routes/compress.ts","statementMap":{"0":{"start":{"line":1,"column":0},"end":{"line":1,"column":52}},"1":{"start":{"line":2,"column":0},"end":{"line":2,"column":28}},"2":{"start":{"line":3,"column":0},"end":{"line":3,"column":37}},"3":{"start":{"line":4,"column":0},"end":{"line":4,"column":20}},"4":{"start":{"line":5,"column":0},"end":{"line":5,"column":77}},"5":{"start":{"line":6,"column":0},"end":{"line":6,"column":63}},"6":{"start":{"line":8,"column":15},"end":{"line":8,"column":23}},"7":{"start":{"line":9,"column":15},"end":{"line":9,"column":43}},"8":{"start":{"line":11,"column":0},"end":{"line":44,"column":3}},"9":{"start":{"line":12,"column":20},"end":{"line":12,"column":47}},"10":{"start":{"line":14,"column":4},"end":{"line":19,"column":5}},"11":{"start":{"line":15,"column":8},"end":{"line":17,"column":11}},"12":{"start":{"line":18,"column":8},"end":{"line":18,"column":15}},"13":{"start":{"line":21,"column":17},"end":{"line":21,"column":60}},"14":{"start":{"line":23,"column":4},"end":{"line":26,"column":5}},"15":{"start":{"line":24,"column":8},"end":{"line":24,"column":65}},"16":{"start":{"line":25,"column":8},"end":{"line":25,"column":15}},"17":{"start":{"line":28,"column":22},"end":{"line":28,"column":31}},"18":{"start":{"line":29,"column":23},"end":{"line":29,"column":52}},"19":{"start":{"line":30,"column":18},"end":{"line":30,"column":73}},"20":{"start":{"line":32,"column":4},"end":{"line":43,"column":7}},"21":{"start":{"line":33,"column":8},"end":{"line":37,"column":9}},"22":{"start":{"line":34,"column":12},"end":{"line":34,"column":61}},"23":{"start":{"line":35,"column":12},"end":{"line":35,"column":56}},"24":{"start":{"line":36,"column":12},"end":{"line":36,"column":19}},"25":{"start":{"line":39,"column":8},"end":{"line":42,"column":11}},"26":{"start":{"line":40,"column":12},"end":{"line":40,"column":37}},"27":{"start":{"line":41,"column":12},"end":{"line":41,"column":38}},"28":{"start":{"line":46,"column":0},"end":{"line":46,"column":22}}},"fnMap":{"0":{"name":"(anonymous_1)","decl":{"start":{"line":11,"column":39},"end":{"line":11,"column":40}},"loc":{"start":{"line":11,"column":77},"end":{"line":44,"column":1}}},"1":{"name":"(anonymous_2)","decl":{"start":{"line":32,"column":16},"end":{"line":32,"column":17}},"loc":{"start":{"line":32,"column":24},"end":{"line":43,"column":5}}},"2":{"name":"(anonymous_3)","decl":{"start":{"line":39,"column":51},"end":{"line":39,"column":54}},"loc":{"start":{"line":39,"column":56},"end":{"line":42,"column":9}}}},"branchMap":{"0":{"loc":{"start":{"line":14,"column":4},"end":{"line":19,"column":5}},"type":"if","locations":[{"start":{"line":14,"column":4},"end":{"line":19,"column":5}}]},"1":{"loc":{"start":{"line":23,"column":4},"end":{"line":26,"column":5}},"type":"if","locations":[{"start":{"line":23,"column":4},"end":{"line":26,"column":5}}]},"2":{"loc":{"start":{"line":33,"column":8},"end":{"line":37,"column":9}},"type":"if","locations":[{"start":{"line":33,"column":8},"end":{"line":37,"column":9}}]}},"s":{"0":1,"1":1,"2":1,"3":1,"4":1,"5":1,"6":1,"7":1,"8":1,"9":3,"10":3,"11":1,"12":1,"13":2,"14":2,"15":1,"16":1,"17":1,"18":1,"19":1,"20":1,"21":1,"22":0,"23":0,"24":0,"25":1,"26":1,"27":1,"28":1},"f":{"0":3,"1":1,"2":1},"b":{"0":[1],"1":[1],"2":[0]}}
,"/app/src/utils/ghostscript.ts": {"path":"/app/src/utils/ghostscript.ts","statementMap":{"0":{"start":{"line":1,"column":0},"end":{"line":1,"column":16}},"1":{"start":{"line":2,"column":4},"end":{"line":2,"column":143}}},"fnMap":{"0":{"name":"buildGhostscriptCommand","decl":{"start":{"line":1,"column":16},"end":{"line":1,"column":39}},"loc":{"start":{"line":1,"column":86},"end":{"line":3,"column":1}}}},"branchMap":{},"s":{"0":1,"1":1},"f":{"0":1},"b":{}}
}
