TN:
SF:src/app.ts
FNF:0
FNH:0
DA:1,1
DA:2,1
DA:3,1
DA:5,1
DA:7,1
DA:8,1
DA:10,1
DA:12,1
LF:8
LH:8
BRF:0
BRH:0
end_of_record
TN:
SF:src/config/constants.ts
FN:4,isCompressionProfile
FNF:1
FNH:1
FNDA:3,isCompressionProfile
DA:1,1
DA:4,1
DA:5,3
LF:3
LH:3
BRF:0
BRH:0
end_of_record
TN:
SF:src/routes/compress.ts
FN:11,(anonymous_1)
FN:32,(anonymous_2)
FN:39,(anonymous_3)
FNF:3
FNH:3
FNDA:3,(anonymous_1)
FNDA:1,(anonymous_2)
FNDA:1,(anonymous_3)
DA:1,1
DA:2,1
DA:3,1
DA:4,1
DA:5,1
DA:6,1
DA:8,1
DA:9,1
DA:11,1
DA:12,3
DA:14,3
DA:15,1
DA:18,1
DA:21,2
DA:23,2
DA:24,1
DA:25,1
DA:28,1
DA:29,1
DA:30,1
DA:32,1
DA:33,1
DA:34,0
DA:35,0
DA:36,0
DA:39,1
DA:40,1
DA:41,1
DA:46,1
LF:29
LH:26
BRDA:14,0,0,1
BRDA:23,1,0,1
BRDA:33,2,0,0
BRF:3
BRH:2
end_of_record
TN:
SF:src/utils/ghostscript.ts
FN:1,buildGhostscriptCommand
FNF:1
FNH:1
FNDA:1,buildGhostscriptCommand
DA:1,1
DA:2,1
LF:2
LH:2
BRF:0
BRH:0
end_of_record
